<?xml version="1.0" encoding="UTF-8"?>
<!-- Generated by org.testng.reporters.JUnitReportReporter -->
<testsuite hostname="Murari" failures="0" tests="4" name="api.test.UserTests" time="7.969" errors="0" timestamp="2023-10-26T12:11:21 IST" skipped="0">
  <testcase classname="api.test.UserTests" name="testPostUser" time="3.328"/>
  <testcase classname="api.test.UserTests" name="testGetUserByName" time="1.191"/>
  <testcase classname="api.test.UserTests" name="testUpdateByName" time="2.303"/>
  <testcase classname="api.test.UserTests" name="testDeleteUser" time="1.147"/>
</testsuite> <!-- api.test.UserTests -->
