<?xml version="1.0" encoding="UTF-8"?>
<!-- Generated by org.testng.reporters.JUnitReportReporter -->
<testsuite hostname="Murari" failures="0" tests="6" name="api.test.DDTests" time="9.598" errors="0" timestamp="2023-10-25T15:55:35 IST" skipped="0">
  <testcase classname="api.test.DDTests" name="testPostuser" time="1.163"/>
  <testcase classname="api.test.DDTests" name="testPostuser" time="3.935"/>
  <testcase classname="api.test.DDTests" name="testPostuser" time="1.111"/>
  <testcase classname="api.test.DDTests" name="testUserByname" time="1.090"/>
  <testcase classname="api.test.DDTests" name="testUserByname" time="1.172"/>
  <testcase classname="api.test.DDTests" name="testUserByname" time="1.127"/>
</testsuite> <!-- api.test.DDTests -->
