<?xml version="1.0" encoding="UTF-8"?>
<!-- Generated by org.testng.reporters.JUnitReportReporter -->
<testsuite hostname="Murari" failures="0" tests="3" name="api.test.StoreTests" time="6.474" errors="0" timestamp="2023-10-31T11:58:31 IST" skipped="0">
  <testcase classname="api.test.StoreTests" name="POST_USER" time="4.153"/>
  <testcase classname="api.test.StoreTests" name="test_Get_user" time="1.163"/>
  <testcase classname="api.test.StoreTests" name="test_Delete_user" time="1.158"/>
</testsuite> <!-- api.test.StoreTests -->
