<?xml version="1.0" encoding="UTF-8"?>
<!-- Generated by org.testng.reporters.JUnitReportReporter -->
<testsuite hostname="Murari" failures="0" tests="4" name="api.test.UserTests2" time="8.258" errors="0" timestamp="2023-10-30T10:34:30 IST" skipped="0">
  <testcase classname="api.test.UserTests2" name="testPostUser" time="3.691"/>
  <testcase classname="api.test.UserTests2" name="testGetUserByName" time="1.125"/>
  <testcase classname="api.test.UserTests2" name="testUpdateByName" time="2.267"/>
  <testcase classname="api.test.UserTests2" name="testDeleteUser" time="1.175"/>
</testsuite> <!-- api.test.UserTests2 -->
