<?xml version="1.0" encoding="UTF-8"?>
<!-- Generated by org.testng.reporters.JUnitReportReporter -->
<testsuite hostname="Murari" failures="0" tests="4" name="api.test.UserTests2" time="8.685" errors="0" timestamp="2023-10-30T10:58:35 IST" skipped="0">
  <testcase classname="api.test.UserTests2" name="testPostUser" time="4.143"/>
  <testcase classname="api.test.UserTests2" name="testGetUserByName" time="1.211"/>
  <testcase classname="api.test.UserTests2" name="testUpdateByName" time="2.260"/>
  <testcase classname="api.test.UserTests2" name="testDeleteUser" time="1.071"/>
</testsuite> <!-- api.test.UserTests2 -->
