<?xml version="1.0" encoding="UTF-8"?>
<!-- Generated by org.testng.reporters.JUnitReportReporter -->
<testsuite hostname="Murari" failures="0" tests="4" name="api.test.PetTests" time="7.072" errors="0" timestamp="2023-11-06T11:46:58 IST" skipped="0">
  <testcase classname="api.test.PetTests" name="POST" time="3.713"/>
  <testcase classname="api.test.PetTests" name="GET" time="1.160"/>
  <testcase classname="api.test.PetTests" name="UPDATE" time="1.119"/>
  <testcase classname="api.test.PetTests" name="DELETE" time="1.080"/>
</testsuite> <!-- api.test.PetTests -->
