<?xml version="1.0" encoding="UTF-8"?>
<!-- Generated by org.testng.reporters.JUnitReportReporter -->
<testsuite hostname="Murari" failures="0" tests="3" name="api.test.StoreTests" time="6.087" errors="0" timestamp="2023-11-06T11:42:16 IST" skipped="0">
  <testcase classname="api.test.StoreTests" name="POST_USER" time="3.768"/>
  <testcase classname="api.test.StoreTests" name="test_Get_user" time="1.225"/>
  <testcase classname="api.test.StoreTests" name="test_Delete_user" time="1.094"/>
</testsuite> <!-- api.test.StoreTests -->
